<?xml version="1.0" encoding="UTF-8" ?>
<testsuite failures="0" time="0.615" errors="0" skipped="0" tests="1" name="no.steria.quizzical.QuizServletTest">
  <properties>
    <property name="java.runtime.name" value="Java(TM) SE Runtime Environment"/>
    <property name="sun.boot.library.path" value="c:\Program Files\Java\jdk1.7.0_07\jre\bin"/>
    <property name="java.vm.version" value="23.3-b01"/>
    <property name="user.country.format" value="NO"/>
    <property name="java.vm.vendor" value="Oracle Corporation"/>
    <property name="java.vendor.url" value="http://java.oracle.com/"/>
    <property name="path.separator" value=";"/>
    <property name="guice.disable.misplaced.annotation.check" value="true"/>
    <property name="java.vm.name" value="Java HotSpot(TM) 64-Bit Server VM"/>
    <property name="file.encoding.pkg" value="sun.io"/>
    <property name="user.script" value=""/>
    <property name="user.country" value="US"/>
    <property name="sun.java.launcher" value="SUN_STANDARD"/>
    <property name="sun.os.patch.level" value="Service Pack 1"/>
    <property name="java.vm.specification.name" value="Java Virtual Machine Specification"/>
    <property name="user.dir" value="c:\Users\oml\git\quizzical"/>
    <property name="java.runtime.version" value="1.7.0_07-b11"/>
    <property name="java.awt.graphicsenv" value="sun.awt.Win32GraphicsEnvironment"/>
    <property name="java.endorsed.dirs" value="c:\Program Files\Java\jdk1.7.0_07\jre\lib\endorsed"/>
    <property name="os.arch" value="amd64"/>
    <property name="java.io.tmpdir" value="C:\Users\oml\AppData\Local\Temp\"/>
    <property name="line.separator" value="
"/>
    <property name="java.vm.specification.vendor" value="Oracle Corporation"/>
    <property name="user.variant" value=""/>
    <property name="os.name" value="Windows 7"/>
    <property name="classworlds.conf" value="c:/Program Files/Apache Software Foundation/apache-maven-3.0.5/bin/m2.conf"/>
    <property name="sun.jnu.encoding" value="Cp1252"/>
    <property name="java.library.path" value="c:\Program Files\Java\jdk1.7.0_07\bin;C:\Windows\Sun\Java\bin;C:\Windows\system32;C:\Windows;c:\Users\oml\bin;.;C:\Program Files (x86)\Git\local\bin;C:\Program Files (x86)\Git\mingw\bin;C:\Program Files (x86)\Git\bin;c:\Ruby200-x64\bin;c:\PROGRAM FILES (X86)\NVIDIA CORPORATION\PHYSX\COMMON;c:\PROGRAM FILES\COMMON FILES\MICROSOFT SHARED\WINDOWS LIVE;c:\PROGRAM FILES (X86)\COMMON FILES\MICROSOFT SHARED\WINDOWS LIVE;c:\Windows\SYSTEM32;c:\Windows;c:\Windows\SYSTEM32\WBEM;c:\Windows\SYSTEM32\WINDOWSPOWERSHELL\V1.0\;c:\PROGRAM FILES (X86)\LENOVO\ACCESS CONNECTIONS\;c:\PROGRAM FILES (X86)\INTEL\SERVICES\IPT\;c:\PROGRAM FILES (X86)\WINDOWS LIVE\SHARED;c:\PROGRAM FILES (X86)\SBT\;c:\PROGRAM FILES (X86)\GRAPHVIZ 2.28\BIN;c:\PROGRAM FILES (X86)\QUICKTIME\QTSYSTEM\;c:\PROGRAM FILES\THINKPAD\BLUETOOTH SOFTWARE\;c:\PROGRAM FILES\THINKPAD\BLUETOOTH SOFTWARE\SYSWOW64;c:\Program Files\Intel\WiFi\bin\;c:\Program Files\Common Files\Intel\WirelessCommon\;c:\Program Files (x86)\Intel\OpenCL SDK\2.0\bin\x86;c:\Program Files (x86)\Intel\OpenCL SDK\2.0\bin\x64;c:\Program Files\Intel\WiFi\bin\;c:\Program Files\Common Files\Intel\WirelessCommon\;c:\Program Files\Apache Software Foundation\apache-maven-3.0.5\bin;c:\Program Files\Java\jdk1.7.0_07\bin;C:\Program Files (x86)\Git\bin;."/>
    <property name="java.specification.name" value="Java Platform API Specification"/>
    <property name="java.class.version" value="51.0"/>
    <property name="sun.management.compiler" value="HotSpot 64-Bit Tiered Compilers"/>
    <property name="os.version" value="6.1"/>
    <property name="user.home" value="C:\Users\oml"/>
    <property name="user.timezone" value="Europe/Berlin"/>
    <property name="java.awt.printerjob" value="sun.awt.windows.WPrinterJob"/>
    <property name="java.specification.version" value="1.7"/>
    <property name="file.encoding" value="Cp1252"/>
    <property name="user.name" value="olillevi"/>
    <property name="java.class.path" value="c:/Program Files/Apache Software Foundation/apache-maven-3.0.5/boot/plexus-classworlds-2.4.jar"/>
    <property name="java.vm.specification.version" value="1.7"/>
    <property name="sun.arch.data.model" value="64"/>
    <property name="java.home" value="c:\Program Files\Java\jdk1.7.0_07\jre"/>
    <property name="sun.java.command" value="org.codehaus.plexus.classworlds.launcher.Launcher clean install eclipse:eclipse"/>
    <property name="java.specification.vendor" value="Oracle Corporation"/>
    <property name="user.language" value="en"/>
    <property name="user.language.format" value="no"/>
    <property name="awt.toolkit" value="sun.awt.windows.WToolkit"/>
    <property name="java.vm.info" value="mixed mode"/>
    <property name="java.version" value="1.7.0_07"/>
    <property name="java.ext.dirs" value="c:\Program Files\Java\jdk1.7.0_07\jre\lib\ext;C:\Windows\Sun\Java\lib\ext"/>
    <property name="sun.boot.class.path" value="c:\Program Files\Java\jdk1.7.0_07\jre\lib\resources.jar;c:\Program Files\Java\jdk1.7.0_07\jre\lib\rt.jar;c:\Program Files\Java\jdk1.7.0_07\jre\lib\sunrsasign.jar;c:\Program Files\Java\jdk1.7.0_07\jre\lib\jsse.jar;c:\Program Files\Java\jdk1.7.0_07\jre\lib\jce.jar;c:\Program Files\Java\jdk1.7.0_07\jre\lib\charsets.jar;c:\Program Files\Java\jdk1.7.0_07\jre\lib\jfr.jar;c:\Program Files\Java\jdk1.7.0_07\jre\classes"/>
    <property name="java.vendor" value="Oracle Corporation"/>
    <property name="maven.home" value="c:\Program Files\Apache Software Foundation\apache-maven-3.0.5"/>
    <property name="file.separator" value="\"/>
    <property name="java.vendor.url.bug" value="http://bugreport.sun.com/bugreport/"/>
    <property name="sun.cpu.endian" value="little"/>
    <property name="sun.io.unicode.encoding" value="UnicodeLittle"/>
    <property name="sun.desktop" value="windows"/>
    <property name="sun.cpu.isalist" value="amd64"/>
  </properties>
  <testcase time="0.545" classname="no.steria.quizzical.QuizServletTest" name="shouldAddNumbers"/>
</testsuite>